<?xml version="1.0" encoding="UTF-8"?>
<!-- Generated by org.testng.reporters.JUnitReportReporter -->
<testsuite hostname="DESKTOP-TP18Q4P" name="com.gm.tests.Testcases" tests="3" failures="0" timestamp="3 May 2021 20:21:48 GMT" time="39.301" errors="0">
  <testcase name="TC3" time="17.981" classname="com.gm.tests.Testcases"/>
  <testcase name="TC2" time="9.465" classname="com.gm.tests.Testcases"/>
  <testcase name="TC1" time="11.855" classname="com.gm.tests.Testcases"/>
</testsuite> <!-- com.gm.tests.Testcases -->
